{
  "RSpec": {
    "coverage": {
      "/home/tk-lpt-0578/Downloads/Digimax Test Attempt/obaid-ashfaq-digimax-code-challenge/models/file_reader.rb": {
        "lines": [
          1,
          1,
          5,
          null,
          null,
          1,
          5,
          4,
          3,
          null,
          null,
          1,
          null,
          1,
          5,
          null,
          null,
          1,
          4,
          null,
          null,
          1,
          null,
          3,
          3,
          3,
          3,
          null,
          null
        ]
      },
      "/home/tk-lpt-0578/Downloads/Digimax Test Attempt/obaid-ashfaq-digimax-code-challenge/models/processor.rb": {
        "lines": [
          1,
          1,
          1,
          2,
          null,
          null,
          1,
          2,
          null,
          null,
          1,
          null,
          1,
          2,
          2,
          1,
          29,
          null,
          1,
          7,
          42,
          35,
          null,
          null,
          null,
          1,
          null,
          null,
          1,
          1,
          70,
          1,
          null,
          null
        ]
      }
    },
    "timestamp": 1667206839
  }
}
